build/outputs/logs/manifest-merger-debug-report.txt
-- Merging decision tree log ---
manifest
ADDED from src\main\AndroidManifest.xml:2:1-4:12
	package
		ADDED from src\main\AndroidManifest.xml:2:154-184
		INJECTED from src\main\AndroidManifest.xml
		INJECTED from src\main\AndroidManifest.xml
	android:versionName
		ADDED from src\main\AndroidManifest.xml:2:96-122
		INJECTED from src\main\AndroidManifest.xml
		INJECTED from src\main\AndroidManifest.xml
	android:versionCode
		ADDED from src\main\AndroidManifest.xml:2:70-95
		INJECTED from src\main\AndroidManifest.xml
		INJECTED from src\main\AndroidManifest.xml
	xmlns:android
		ADDED from src\main\AndroidManifest.xml:2:11-69
	android:installLocation
		ADDED from src\main\AndroidManifest.xml:2:123-153
	platformBuildVersionName
		ADDED from src\main\AndroidManifest.xml:2:215-255
	platformBuildVersionCode
		ADDED from src\main\AndroidManifest.xml:2:185-214
uses-sdk
ADDED from src\main\AndroidManifest.xml:3:5-72
	android:targetSdkVersion
		ADDED from src\main\AndroidManifest.xml:3:41-70
		INJECTED from src\main\AndroidManifest.xml
		INJECTED from src\main\AndroidManifest.xml
	android:minSdkVersion
		ADDED from src\main\AndroidManifest.xml:3:15-40
		INJECTED from src\main\AndroidManifest.xml
		INJECTED from src\main\AndroidManifest.xml